<?xml version="1.0" encoding="UTF-8"?>
<testsuite name="com.example.UserServiceTest" tests="4" skipped="0" failures="0" errors="0" timestamp="2023-10-17T14:09:42" hostname="GLV462JWVM" time="0.013">
  <properties/>
  <testcase name="testDoesUserExist_UserExists_ReturnsTrue()" classname="com.example.UserServiceTest" time="0.007"/>
  <testcase name="testDoesUserExist_UserNotExists_ReturnsFalse()" classname="com.example.UserServiceTest" time="0.0"/>
  <testcase name="testDoesUserExist_NullUser_ReturnsFalse()" classname="com.example.UserServiceTest" time="0.001"/>
  <testcase name="testDoesUserExist_NullUserList_ThrowsException()" classname="com.example.UserServiceTest" time="0.001"/>
  <system-out><![CDATA[]]></system-out>
  <system-err><![CDATA[]]></system-err>
</testsuite>
